The system is: Linux - 2.6.32-431.el6.x86_64 - x86_64
Compiling the C compiler identification source file "CMakeCCompilerId.c" succeeded.
Compiler: /usr/local/bin/gcc 
Build flags: 
Id flags:  

The output was:
0


Compilation of the C compiler identification source "CMakeCCompilerId.c" produced "a.out"

The C compiler identification is GNU, found in "/data/lantian/open_source/openmit/build/CMakeFiles/3.9.2/CompilerIdC/a.out"

Compiling the CXX compiler identification source file "CMakeCXXCompilerId.cpp" succeeded.
Compiler: /usr/local/bin/g++ 
Build flags: 
Id flags:  

The output was:
0


Compilation of the CXX compiler identification source "CMakeCXXCompilerId.cpp" produced "a.out"

The CXX compiler identification is GNU, found in "/data/lantian/open_source/openmit/build/CMakeFiles/3.9.2/CompilerIdCXX/a.out"

Determining if the C compiler works passed with the following output:
Change Dir: /data/lantian/open_source/openmit/build/CMakeFiles/CMakeTmp

Run Build Command:"/usr/bin/gmake" "cmTC_eefe3/fast"
/usr/bin/gmake -f CMakeFiles/cmTC_eefe3.dir/build.make CMakeFiles/cmTC_eefe3.dir/build
gmake[1]: Entering directory `/data1/lantian/open_source/openmit/build/CMakeFiles/CMakeTmp'
Building C object CMakeFiles/cmTC_eefe3.dir/testCCompiler.c.o
/usr/local/bin/gcc    -o CMakeFiles/cmTC_eefe3.dir/testCCompiler.c.o   -c /data/lantian/open_source/openmit/build/CMakeFiles/CMakeTmp/testCCompiler.c
Linking C executable cmTC_eefe3
/data/lantian/open_source/tool/cmake-3.9.2-Linux-x86_64/bin/cmake -E cmake_link_script CMakeFiles/cmTC_eefe3.dir/link.txt --verbose=1
/usr/local/bin/gcc      -rdynamic CMakeFiles/cmTC_eefe3.dir/testCCompiler.c.o  -o cmTC_eefe3 
gmake[1]: Leaving directory `/data1/lantian/open_source/openmit/build/CMakeFiles/CMakeTmp'


Detecting C compiler ABI info compiled with the following output:
Change Dir: /data/lantian/open_source/openmit/build/CMakeFiles/CMakeTmp

Run Build Command:"/usr/bin/gmake" "cmTC_0c40c/fast"
/usr/bin/gmake -f CMakeFiles/cmTC_0c40c.dir/build.make CMakeFiles/cmTC_0c40c.dir/build
gmake[1]: Entering directory `/data1/lantian/open_source/openmit/build/CMakeFiles/CMakeTmp'
Building C object CMakeFiles/cmTC_0c40c.dir/CMakeCCompilerABI.c.o
/usr/local/bin/gcc    -o CMakeFiles/cmTC_0c40c.dir/CMakeCCompilerABI.c.o   -c /data/lantian/open_source/tool/cmake-3.9.2-Linux-x86_64/share/cmake-3.9/Modules/CMakeCCompilerABI.c
Linking C executable cmTC_0c40c
/data/lantian/open_source/tool/cmake-3.9.2-Linux-x86_64/bin/cmake -E cmake_link_script CMakeFiles/cmTC_0c40c.dir/link.txt --verbose=1
/usr/local/bin/gcc     -v -rdynamic CMakeFiles/cmTC_0c40c.dir/CMakeCCompilerABI.c.o  -o cmTC_0c40c 
Using built-in specs.
COLLECT_GCC=/usr/local/bin/gcc
COLLECT_LTO_WRAPPER=/usr/local/libexec/gcc/x86_64-unknown-linux-gnu/4.8.2/lto-wrapper
Target: x86_64-unknown-linux-gnu
Configured with: ../configure --prefix=/usr/local --enable-checking=release --enable-languages=c,c++,fortran --disable-multilib
Thread model: posix
gcc version 4.8.2 (GCC) 
COMPILER_PATH=/usr/local/libexec/gcc/x86_64-unknown-linux-gnu/4.8.2/:/usr/local/libexec/gcc/x86_64-unknown-linux-gnu/4.8.2/:/usr/local/libexec/gcc/x86_64-unknown-linux-gnu/:/usr/local/lib/gcc/x86_64-unknown-linux-gnu/4.8.2/:/usr/local/lib/gcc/x86_64-unknown-linux-gnu/
LIBRARY_PATH=/usr/local/lib/gcc/x86_64-unknown-linux-gnu/4.8.2/:/usr/local/lib/gcc/x86_64-unknown-linux-gnu/4.8.2/../../../../lib64/:/lib/../lib64/:/usr/lib/../lib64/:/usr/lib/hadoop/lib/native/:./:/usr/local/lib/gcc/x86_64-unknown-linux-gnu/4.8.2/../../../:/lib/:/usr/lib/
COLLECT_GCC_OPTIONS='-v' '-rdynamic' '-o' 'cmTC_0c40c' '-mtune=generic' '-march=x86-64'
 /usr/local/libexec/gcc/x86_64-unknown-linux-gnu/4.8.2/collect2 --eh-frame-hdr -m elf_x86_64 -export-dynamic -dynamic-linker /lib64/ld-linux-x86-64.so.2 -o cmTC_0c40c /usr/lib/../lib64/crt1.o /usr/lib/../lib64/crti.o /usr/local/lib/gcc/x86_64-unknown-linux-gnu/4.8.2/crtbegin.o -L/usr/local/lib/gcc/x86_64-unknown-linux-gnu/4.8.2 -L/usr/local/lib/gcc/x86_64-unknown-linux-gnu/4.8.2/../../../../lib64 -L/lib/../lib64 -L/usr/lib/../lib64 -L/usr/lib/hadoop/lib/native -L. -L/usr/local/lib/gcc/x86_64-unknown-linux-gnu/4.8.2/../../.. CMakeFiles/cmTC_0c40c.dir/CMakeCCompilerABI.c.o -lgcc --as-needed -lgcc_s --no-as-needed -lc -lgcc --as-needed -lgcc_s --no-as-needed /usr/local/lib/gcc/x86_64-unknown-linux-gnu/4.8.2/crtend.o /usr/lib/../lib64/crtn.o
gmake[1]: Leaving directory `/data1/lantian/open_source/openmit/build/CMakeFiles/CMakeTmp'


Parsed C implicit link information from above output:
  link line regex: [^( *|.*[/\])(ld|CMAKE_LINK_STARTFILE-NOTFOUND|([^/\]+-)?ld|collect2)[^/\]*( |$)]
  ignore line: [Change Dir: /data/lantian/open_source/openmit/build/CMakeFiles/CMakeTmp]
  ignore line: []
  ignore line: [Run Build Command:"/usr/bin/gmake" "cmTC_0c40c/fast"]
  ignore line: [/usr/bin/gmake -f CMakeFiles/cmTC_0c40c.dir/build.make CMakeFiles/cmTC_0c40c.dir/build]
  ignore line: [gmake[1]: Entering directory `/data1/lantian/open_source/openmit/build/CMakeFiles/CMakeTmp']
  ignore line: [Building C object CMakeFiles/cmTC_0c40c.dir/CMakeCCompilerABI.c.o]
  ignore line: [/usr/local/bin/gcc    -o CMakeFiles/cmTC_0c40c.dir/CMakeCCompilerABI.c.o   -c /data/lantian/open_source/tool/cmake-3.9.2-Linux-x86_64/share/cmake-3.9/Modules/CMakeCCompilerABI.c]
  ignore line: [Linking C executable cmTC_0c40c]
  ignore line: [/data/lantian/open_source/tool/cmake-3.9.2-Linux-x86_64/bin/cmake -E cmake_link_script CMakeFiles/cmTC_0c40c.dir/link.txt --verbose=1]
  ignore line: [/usr/local/bin/gcc     -v -rdynamic CMakeFiles/cmTC_0c40c.dir/CMakeCCompilerABI.c.o  -o cmTC_0c40c ]
  ignore line: [Using built-in specs.]
  ignore line: [COLLECT_GCC=/usr/local/bin/gcc]
  ignore line: [COLLECT_LTO_WRAPPER=/usr/local/libexec/gcc/x86_64-unknown-linux-gnu/4.8.2/lto-wrapper]
  ignore line: [Target: x86_64-unknown-linux-gnu]
  ignore line: [Configured with: ../configure --prefix=/usr/local --enable-checking=release --enable-languages=c,c++,fortran --disable-multilib]
  ignore line: [Thread model: posix]
  ignore line: [gcc version 4.8.2 (GCC) ]
  ignore line: [COMPILER_PATH=/usr/local/libexec/gcc/x86_64-unknown-linux-gnu/4.8.2/:/usr/local/libexec/gcc/x86_64-unknown-linux-gnu/4.8.2/:/usr/local/libexec/gcc/x86_64-unknown-linux-gnu/:/usr/local/lib/gcc/x86_64-unknown-linux-gnu/4.8.2/:/usr/local/lib/gcc/x86_64-unknown-linux-gnu/]
  ignore line: [LIBRARY_PATH=/usr/local/lib/gcc/x86_64-unknown-linux-gnu/4.8.2/:/usr/local/lib/gcc/x86_64-unknown-linux-gnu/4.8.2/../../../../lib64/:/lib/../lib64/:/usr/lib/../lib64/:/usr/lib/hadoop/lib/native/:./:/usr/local/lib/gcc/x86_64-unknown-linux-gnu/4.8.2/../../../:/lib/:/usr/lib/]
  ignore line: [COLLECT_GCC_OPTIONS='-v' '-rdynamic' '-o' 'cmTC_0c40c' '-mtune=generic' '-march=x86-64']
  link line: [ /usr/local/libexec/gcc/x86_64-unknown-linux-gnu/4.8.2/collect2 --eh-frame-hdr -m elf_x86_64 -export-dynamic -dynamic-linker /lib64/ld-linux-x86-64.so.2 -o cmTC_0c40c /usr/lib/../lib64/crt1.o /usr/lib/../lib64/crti.o /usr/local/lib/gcc/x86_64-unknown-linux-gnu/4.8.2/crtbegin.o -L/usr/local/lib/gcc/x86_64-unknown-linux-gnu/4.8.2 -L/usr/local/lib/gcc/x86_64-unknown-linux-gnu/4.8.2/../../../../lib64 -L/lib/../lib64 -L/usr/lib/../lib64 -L/usr/lib/hadoop/lib/native -L. -L/usr/local/lib/gcc/x86_64-unknown-linux-gnu/4.8.2/../../.. CMakeFiles/cmTC_0c40c.dir/CMakeCCompilerABI.c.o -lgcc --as-needed -lgcc_s --no-as-needed -lc -lgcc --as-needed -lgcc_s --no-as-needed /usr/local/lib/gcc/x86_64-unknown-linux-gnu/4.8.2/crtend.o /usr/lib/../lib64/crtn.o]
    arg [/usr/local/libexec/gcc/x86_64-unknown-linux-gnu/4.8.2/collect2] ==> ignore
    arg [--eh-frame-hdr] ==> ignore
    arg [-m] ==> ignore
    arg [elf_x86_64] ==> ignore
    arg [-export-dynamic] ==> ignore
    arg [-dynamic-linker] ==> ignore
    arg [/lib64/ld-linux-x86-64.so.2] ==> ignore
    arg [-o] ==> ignore
    arg [cmTC_0c40c] ==> ignore
    arg [/usr/lib/../lib64/crt1.o] ==> ignore
    arg [/usr/lib/../lib64/crti.o] ==> ignore
    arg [/usr/local/lib/gcc/x86_64-unknown-linux-gnu/4.8.2/crtbegin.o] ==> ignore
    arg [-L/usr/local/lib/gcc/x86_64-unknown-linux-gnu/4.8.2] ==> dir [/usr/local/lib/gcc/x86_64-unknown-linux-gnu/4.8.2]
    arg [-L/usr/local/lib/gcc/x86_64-unknown-linux-gnu/4.8.2/../../../../lib64] ==> dir [/usr/local/lib/gcc/x86_64-unknown-linux-gnu/4.8.2/../../../../lib64]
    arg [-L/lib/../lib64] ==> dir [/lib/../lib64]
    arg [-L/usr/lib/../lib64] ==> dir [/usr/lib/../lib64]
    arg [-L/usr/lib/hadoop/lib/native] ==> dir [/usr/lib/hadoop/lib/native]
    arg [-L.] ==> ignore
    arg [-L/usr/local/lib/gcc/x86_64-unknown-linux-gnu/4.8.2/../../..] ==> dir [/usr/local/lib/gcc/x86_64-unknown-linux-gnu/4.8.2/../../..]
    arg [CMakeFiles/cmTC_0c40c.dir/CMakeCCompilerABI.c.o] ==> ignore
    arg [-lgcc] ==> lib [gcc]
    arg [--as-needed] ==> ignore
    arg [-lgcc_s] ==> lib [gcc_s]
    arg [--no-as-needed] ==> ignore
    arg [-lc] ==> lib [c]
    arg [-lgcc] ==> lib [gcc]
    arg [--as-needed] ==> ignore
    arg [-lgcc_s] ==> lib [gcc_s]
    arg [--no-as-needed] ==> ignore
    arg [/usr/local/lib/gcc/x86_64-unknown-linux-gnu/4.8.2/crtend.o] ==> ignore
    arg [/usr/lib/../lib64/crtn.o] ==> ignore
  collapse library dir [/usr/local/lib/gcc/x86_64-unknown-linux-gnu/4.8.2] ==> [/usr/local/lib/gcc/x86_64-unknown-linux-gnu/4.8.2]
  collapse library dir [/usr/local/lib/gcc/x86_64-unknown-linux-gnu/4.8.2/../../../../lib64] ==> [/usr/local/lib64]
  collapse library dir [/lib/../lib64] ==> [/lib64]
  collapse library dir [/usr/lib/../lib64] ==> [/usr/lib64]
  collapse library dir [/usr/lib/hadoop/lib/native] ==> [/usr/lib/hadoop/lib/native]
  collapse library dir [/usr/local/lib/gcc/x86_64-unknown-linux-gnu/4.8.2/../../..] ==> [/usr/local/lib]
  implicit libs: [gcc;gcc_s;c;gcc;gcc_s]
  implicit dirs: [/usr/local/lib/gcc/x86_64-unknown-linux-gnu/4.8.2;/usr/local/lib64;/lib64;/usr/lib64;/usr/lib/hadoop/lib/native;/usr/local/lib]
  implicit fwks: []




Detecting C [-std=c11] compiler features compiled with the following output:
Change Dir: /data/lantian/open_source/openmit/build/CMakeFiles/CMakeTmp

Run Build Command:"/usr/bin/gmake" "cmTC_1572f/fast"
/usr/bin/gmake -f CMakeFiles/cmTC_1572f.dir/build.make CMakeFiles/cmTC_1572f.dir/build
gmake[1]: Entering directory `/data1/lantian/open_source/openmit/build/CMakeFiles/CMakeTmp'
Building C object CMakeFiles/cmTC_1572f.dir/feature_tests.c.o
/usr/local/bin/gcc   -std=c11 -o CMakeFiles/cmTC_1572f.dir/feature_tests.c.o   -c /data/lantian/open_source/openmit/build/CMakeFiles/feature_tests.c
Linking C executable cmTC_1572f
/data/lantian/open_source/tool/cmake-3.9.2-Linux-x86_64/bin/cmake -E cmake_link_script CMakeFiles/cmTC_1572f.dir/link.txt --verbose=1
/usr/local/bin/gcc      -rdynamic CMakeFiles/cmTC_1572f.dir/feature_tests.c.o  -o cmTC_1572f 
gmake[1]: Leaving directory `/data1/lantian/open_source/openmit/build/CMakeFiles/CMakeTmp'


    Feature record: C_FEATURE:1c_function_prototypes
    Feature record: C_FEATURE:1c_restrict
    Feature record: C_FEATURE:1c_static_assert
    Feature record: C_FEATURE:1c_variadic_macros


Detecting C [-std=c99] compiler features compiled with the following output:
Change Dir: /data/lantian/open_source/openmit/build/CMakeFiles/CMakeTmp

Run Build Command:"/usr/bin/gmake" "cmTC_4fc28/fast"
/usr/bin/gmake -f CMakeFiles/cmTC_4fc28.dir/build.make CMakeFiles/cmTC_4fc28.dir/build
gmake[1]: Entering directory `/data1/lantian/open_source/openmit/build/CMakeFiles/CMakeTmp'
Building C object CMakeFiles/cmTC_4fc28.dir/feature_tests.c.o
/usr/local/bin/gcc   -std=c99 -o CMakeFiles/cmTC_4fc28.dir/feature_tests.c.o   -c /data/lantian/open_source/openmit/build/CMakeFiles/feature_tests.c
Linking C executable cmTC_4fc28
/data/lantian/open_source/tool/cmake-3.9.2-Linux-x86_64/bin/cmake -E cmake_link_script CMakeFiles/cmTC_4fc28.dir/link.txt --verbose=1
/usr/local/bin/gcc      -rdynamic CMakeFiles/cmTC_4fc28.dir/feature_tests.c.o  -o cmTC_4fc28 
gmake[1]: Leaving directory `/data1/lantian/open_source/openmit/build/CMakeFiles/CMakeTmp'


    Feature record: C_FEATURE:1c_function_prototypes
    Feature record: C_FEATURE:1c_restrict
    Feature record: C_FEATURE:0c_static_assert
    Feature record: C_FEATURE:1c_variadic_macros


Detecting C [-std=c90] compiler features compiled with the following output:
Change Dir: /data/lantian/open_source/openmit/build/CMakeFiles/CMakeTmp

Run Build Command:"/usr/bin/gmake" "cmTC_b06c3/fast"
/usr/bin/gmake -f CMakeFiles/cmTC_b06c3.dir/build.make CMakeFiles/cmTC_b06c3.dir/build
gmake[1]: Entering directory `/data1/lantian/open_source/openmit/build/CMakeFiles/CMakeTmp'
Building C object CMakeFiles/cmTC_b06c3.dir/feature_tests.c.o
/usr/local/bin/gcc   -std=c90 -o CMakeFiles/cmTC_b06c3.dir/feature_tests.c.o   -c /data/lantian/open_source/openmit/build/CMakeFiles/feature_tests.c
Linking C executable cmTC_b06c3
/data/lantian/open_source/tool/cmake-3.9.2-Linux-x86_64/bin/cmake -E cmake_link_script CMakeFiles/cmTC_b06c3.dir/link.txt --verbose=1
/usr/local/bin/gcc      -rdynamic CMakeFiles/cmTC_b06c3.dir/feature_tests.c.o  -o cmTC_b06c3 
gmake[1]: Leaving directory `/data1/lantian/open_source/openmit/build/CMakeFiles/CMakeTmp'


    Feature record: C_FEATURE:1c_function_prototypes
    Feature record: C_FEATURE:0c_restrict
    Feature record: C_FEATURE:0c_static_assert
    Feature record: C_FEATURE:0c_variadic_macros
Determining if the CXX compiler works passed with the following output:
Change Dir: /data/lantian/open_source/openmit/build/CMakeFiles/CMakeTmp

Run Build Command:"/usr/bin/gmake" "cmTC_150e1/fast"
/usr/bin/gmake -f CMakeFiles/cmTC_150e1.dir/build.make CMakeFiles/cmTC_150e1.dir/build
gmake[1]: Entering directory `/data1/lantian/open_source/openmit/build/CMakeFiles/CMakeTmp'
Building CXX object CMakeFiles/cmTC_150e1.dir/testCXXCompiler.cxx.o
/usr/local/bin/g++     -o CMakeFiles/cmTC_150e1.dir/testCXXCompiler.cxx.o -c /data/lantian/open_source/openmit/build/CMakeFiles/CMakeTmp/testCXXCompiler.cxx
Linking CXX executable cmTC_150e1
/data/lantian/open_source/tool/cmake-3.9.2-Linux-x86_64/bin/cmake -E cmake_link_script CMakeFiles/cmTC_150e1.dir/link.txt --verbose=1
/usr/local/bin/g++       -rdynamic CMakeFiles/cmTC_150e1.dir/testCXXCompiler.cxx.o  -o cmTC_150e1 
gmake[1]: Leaving directory `/data1/lantian/open_source/openmit/build/CMakeFiles/CMakeTmp'


Detecting CXX compiler ABI info compiled with the following output:
Change Dir: /data/lantian/open_source/openmit/build/CMakeFiles/CMakeTmp

Run Build Command:"/usr/bin/gmake" "cmTC_6b261/fast"
/usr/bin/gmake -f CMakeFiles/cmTC_6b261.dir/build.make CMakeFiles/cmTC_6b261.dir/build
gmake[1]: Entering directory `/data1/lantian/open_source/openmit/build/CMakeFiles/CMakeTmp'
Building CXX object CMakeFiles/cmTC_6b261.dir/CMakeCXXCompilerABI.cpp.o
/usr/local/bin/g++     -o CMakeFiles/cmTC_6b261.dir/CMakeCXXCompilerABI.cpp.o -c /data/lantian/open_source/tool/cmake-3.9.2-Linux-x86_64/share/cmake-3.9/Modules/CMakeCXXCompilerABI.cpp
Linking CXX executable cmTC_6b261
/data/lantian/open_source/tool/cmake-3.9.2-Linux-x86_64/bin/cmake -E cmake_link_script CMakeFiles/cmTC_6b261.dir/link.txt --verbose=1
/usr/local/bin/g++      -v -rdynamic CMakeFiles/cmTC_6b261.dir/CMakeCXXCompilerABI.cpp.o  -o cmTC_6b261 
Using built-in specs.
COLLECT_GCC=/usr/local/bin/g++
COLLECT_LTO_WRAPPER=/usr/local/libexec/gcc/x86_64-unknown-linux-gnu/4.8.2/lto-wrapper
Target: x86_64-unknown-linux-gnu
Configured with: ../configure --prefix=/usr/local --enable-checking=release --enable-languages=c,c++,fortran --disable-multilib
Thread model: posix
gcc version 4.8.2 (GCC) 
COMPILER_PATH=/usr/local/libexec/gcc/x86_64-unknown-linux-gnu/4.8.2/:/usr/local/libexec/gcc/x86_64-unknown-linux-gnu/4.8.2/:/usr/local/libexec/gcc/x86_64-unknown-linux-gnu/:/usr/local/lib/gcc/x86_64-unknown-linux-gnu/4.8.2/:/usr/local/lib/gcc/x86_64-unknown-linux-gnu/
LIBRARY_PATH=/usr/local/lib/gcc/x86_64-unknown-linux-gnu/4.8.2/:/usr/local/lib/gcc/x86_64-unknown-linux-gnu/4.8.2/../../../../lib64/:/lib/../lib64/:/usr/lib/../lib64/:/usr/lib/hadoop/lib/native/:./:/usr/local/lib/gcc/x86_64-unknown-linux-gnu/4.8.2/../../../:/lib/:/usr/lib/
COLLECT_GCC_OPTIONS='-v' '-rdynamic' '-o' 'cmTC_6b261' '-shared-libgcc' '-mtune=generic' '-march=x86-64'
 /usr/local/libexec/gcc/x86_64-unknown-linux-gnu/4.8.2/collect2 --eh-frame-hdr -m elf_x86_64 -export-dynamic -dynamic-linker /lib64/ld-linux-x86-64.so.2 -o cmTC_6b261 /usr/lib/../lib64/crt1.o /usr/lib/../lib64/crti.o /usr/local/lib/gcc/x86_64-unknown-linux-gnu/4.8.2/crtbegin.o -L/usr/local/lib/gcc/x86_64-unknown-linux-gnu/4.8.2 -L/usr/local/lib/gcc/x86_64-unknown-linux-gnu/4.8.2/../../../../lib64 -L/lib/../lib64 -L/usr/lib/../lib64 -L/usr/lib/hadoop/lib/native -L. -L/usr/local/lib/gcc/x86_64-unknown-linux-gnu/4.8.2/../../.. CMakeFiles/cmTC_6b261.dir/CMakeCXXCompilerABI.cpp.o -lstdc++ -lm -lgcc_s -lgcc -lc -lgcc_s -lgcc /usr/local/lib/gcc/x86_64-unknown-linux-gnu/4.8.2/crtend.o /usr/lib/../lib64/crtn.o
gmake[1]: Leaving directory `/data1/lantian/open_source/openmit/build/CMakeFiles/CMakeTmp'


Parsed CXX implicit link information from above output:
  link line regex: [^( *|.*[/\])(ld|CMAKE_LINK_STARTFILE-NOTFOUND|([^/\]+-)?ld|collect2)[^/\]*( |$)]
  ignore line: [Change Dir: /data/lantian/open_source/openmit/build/CMakeFiles/CMakeTmp]
  ignore line: []
  ignore line: [Run Build Command:"/usr/bin/gmake" "cmTC_6b261/fast"]
  ignore line: [/usr/bin/gmake -f CMakeFiles/cmTC_6b261.dir/build.make CMakeFiles/cmTC_6b261.dir/build]
  ignore line: [gmake[1]: Entering directory `/data1/lantian/open_source/openmit/build/CMakeFiles/CMakeTmp']
  ignore line: [Building CXX object CMakeFiles/cmTC_6b261.dir/CMakeCXXCompilerABI.cpp.o]
  ignore line: [/usr/local/bin/g++     -o CMakeFiles/cmTC_6b261.dir/CMakeCXXCompilerABI.cpp.o -c /data/lantian/open_source/tool/cmake-3.9.2-Linux-x86_64/share/cmake-3.9/Modules/CMakeCXXCompilerABI.cpp]
  ignore line: [Linking CXX executable cmTC_6b261]
  ignore line: [/data/lantian/open_source/tool/cmake-3.9.2-Linux-x86_64/bin/cmake -E cmake_link_script CMakeFiles/cmTC_6b261.dir/link.txt --verbose=1]
  ignore line: [/usr/local/bin/g++      -v -rdynamic CMakeFiles/cmTC_6b261.dir/CMakeCXXCompilerABI.cpp.o  -o cmTC_6b261 ]
  ignore line: [Using built-in specs.]
  ignore line: [COLLECT_GCC=/usr/local/bin/g++]
  ignore line: [COLLECT_LTO_WRAPPER=/usr/local/libexec/gcc/x86_64-unknown-linux-gnu/4.8.2/lto-wrapper]
  ignore line: [Target: x86_64-unknown-linux-gnu]
  ignore line: [Configured with: ../configure --prefix=/usr/local --enable-checking=release --enable-languages=c,c++,fortran --disable-multilib]
  ignore line: [Thread model: posix]
  ignore line: [gcc version 4.8.2 (GCC) ]
  ignore line: [COMPILER_PATH=/usr/local/libexec/gcc/x86_64-unknown-linux-gnu/4.8.2/:/usr/local/libexec/gcc/x86_64-unknown-linux-gnu/4.8.2/:/usr/local/libexec/gcc/x86_64-unknown-linux-gnu/:/usr/local/lib/gcc/x86_64-unknown-linux-gnu/4.8.2/:/usr/local/lib/gcc/x86_64-unknown-linux-gnu/]
  ignore line: [LIBRARY_PATH=/usr/local/lib/gcc/x86_64-unknown-linux-gnu/4.8.2/:/usr/local/lib/gcc/x86_64-unknown-linux-gnu/4.8.2/../../../../lib64/:/lib/../lib64/:/usr/lib/../lib64/:/usr/lib/hadoop/lib/native/:./:/usr/local/lib/gcc/x86_64-unknown-linux-gnu/4.8.2/../../../:/lib/:/usr/lib/]
  ignore line: [COLLECT_GCC_OPTIONS='-v' '-rdynamic' '-o' 'cmTC_6b261' '-shared-libgcc' '-mtune=generic' '-march=x86-64']
  link line: [ /usr/local/libexec/gcc/x86_64-unknown-linux-gnu/4.8.2/collect2 --eh-frame-hdr -m elf_x86_64 -export-dynamic -dynamic-linker /lib64/ld-linux-x86-64.so.2 -o cmTC_6b261 /usr/lib/../lib64/crt1.o /usr/lib/../lib64/crti.o /usr/local/lib/gcc/x86_64-unknown-linux-gnu/4.8.2/crtbegin.o -L/usr/local/lib/gcc/x86_64-unknown-linux-gnu/4.8.2 -L/usr/local/lib/gcc/x86_64-unknown-linux-gnu/4.8.2/../../../../lib64 -L/lib/../lib64 -L/usr/lib/../lib64 -L/usr/lib/hadoop/lib/native -L. -L/usr/local/lib/gcc/x86_64-unknown-linux-gnu/4.8.2/../../.. CMakeFiles/cmTC_6b261.dir/CMakeCXXCompilerABI.cpp.o -lstdc++ -lm -lgcc_s -lgcc -lc -lgcc_s -lgcc /usr/local/lib/gcc/x86_64-unknown-linux-gnu/4.8.2/crtend.o /usr/lib/../lib64/crtn.o]
    arg [/usr/local/libexec/gcc/x86_64-unknown-linux-gnu/4.8.2/collect2] ==> ignore
    arg [--eh-frame-hdr] ==> ignore
    arg [-m] ==> ignore
    arg [elf_x86_64] ==> ignore
    arg [-export-dynamic] ==> ignore
    arg [-dynamic-linker] ==> ignore
    arg [/lib64/ld-linux-x86-64.so.2] ==> ignore
    arg [-o] ==> ignore
    arg [cmTC_6b261] ==> ignore
    arg [/usr/lib/../lib64/crt1.o] ==> ignore
    arg [/usr/lib/../lib64/crti.o] ==> ignore
    arg [/usr/local/lib/gcc/x86_64-unknown-linux-gnu/4.8.2/crtbegin.o] ==> ignore
    arg [-L/usr/local/lib/gcc/x86_64-unknown-linux-gnu/4.8.2] ==> dir [/usr/local/lib/gcc/x86_64-unknown-linux-gnu/4.8.2]
    arg [-L/usr/local/lib/gcc/x86_64-unknown-linux-gnu/4.8.2/../../../../lib64] ==> dir [/usr/local/lib/gcc/x86_64-unknown-linux-gnu/4.8.2/../../../../lib64]
    arg [-L/lib/../lib64] ==> dir [/lib/../lib64]
    arg [-L/usr/lib/../lib64] ==> dir [/usr/lib/../lib64]
    arg [-L/usr/lib/hadoop/lib/native] ==> dir [/usr/lib/hadoop/lib/native]
    arg [-L.] ==> ignore
    arg [-L/usr/local/lib/gcc/x86_64-unknown-linux-gnu/4.8.2/../../..] ==> dir [/usr/local/lib/gcc/x86_64-unknown-linux-gnu/4.8.2/../../..]
    arg [CMakeFiles/cmTC_6b261.dir/CMakeCXXCompilerABI.cpp.o] ==> ignore
    arg [-lstdc++] ==> lib [stdc++]
    arg [-lm] ==> lib [m]
    arg [-lgcc_s] ==> lib [gcc_s]
    arg [-lgcc] ==> lib [gcc]
    arg [-lc] ==> lib [c]
    arg [-lgcc_s] ==> lib [gcc_s]
    arg [-lgcc] ==> lib [gcc]
    arg [/usr/local/lib/gcc/x86_64-unknown-linux-gnu/4.8.2/crtend.o] ==> ignore
    arg [/usr/lib/../lib64/crtn.o] ==> ignore
  collapse library dir [/usr/local/lib/gcc/x86_64-unknown-linux-gnu/4.8.2] ==> [/usr/local/lib/gcc/x86_64-unknown-linux-gnu/4.8.2]
  collapse library dir [/usr/local/lib/gcc/x86_64-unknown-linux-gnu/4.8.2/../../../../lib64] ==> [/usr/local/lib64]
  collapse library dir [/lib/../lib64] ==> [/lib64]
  collapse library dir [/usr/lib/../lib64] ==> [/usr/lib64]
  collapse library dir [/usr/lib/hadoop/lib/native] ==> [/usr/lib/hadoop/lib/native]
  collapse library dir [/usr/local/lib/gcc/x86_64-unknown-linux-gnu/4.8.2/../../..] ==> [/usr/local/lib]
  implicit libs: [stdc++;m;gcc_s;gcc;c;gcc_s;gcc]
  implicit dirs: [/usr/local/lib/gcc/x86_64-unknown-linux-gnu/4.8.2;/usr/local/lib64;/lib64;/usr/lib64;/usr/lib/hadoop/lib/native;/usr/local/lib]
  implicit fwks: []




Detecting CXX [-std=c++1y] compiler features compiled with the following output:
Change Dir: /data/lantian/open_source/openmit/build/CMakeFiles/CMakeTmp

Run Build Command:"/usr/bin/gmake" "cmTC_a6cab/fast"
/usr/bin/gmake -f CMakeFiles/cmTC_a6cab.dir/build.make CMakeFiles/cmTC_a6cab.dir/build
gmake[1]: Entering directory `/data1/lantian/open_source/openmit/build/CMakeFiles/CMakeTmp'
Building CXX object CMakeFiles/cmTC_a6cab.dir/feature_tests.cxx.o
/usr/local/bin/g++    -std=c++1y -o CMakeFiles/cmTC_a6cab.dir/feature_tests.cxx.o -c /data/lantian/open_source/openmit/build/CMakeFiles/feature_tests.cxx
Linking CXX executable cmTC_a6cab
/data/lantian/open_source/tool/cmake-3.9.2-Linux-x86_64/bin/cmake -E cmake_link_script CMakeFiles/cmTC_a6cab.dir/link.txt --verbose=1
/usr/local/bin/g++       -rdynamic CMakeFiles/cmTC_a6cab.dir/feature_tests.cxx.o  -o cmTC_a6cab 
gmake[1]: Leaving directory `/data1/lantian/open_source/openmit/build/CMakeFiles/CMakeTmp'


    Feature record: CXX_FEATURE:0cxx_aggregate_default_initializers
    Feature record: CXX_FEATURE:1cxx_alias_templates
    Feature record: CXX_FEATURE:1cxx_alignas
    Feature record: CXX_FEATURE:1cxx_alignof
    Feature record: CXX_FEATURE:1cxx_attributes
    Feature record: CXX_FEATURE:0cxx_attribute_deprecated
    Feature record: CXX_FEATURE:1cxx_auto_type
    Feature record: CXX_FEATURE:0cxx_binary_literals
    Feature record: CXX_FEATURE:1cxx_constexpr
    Feature record: CXX_FEATURE:0cxx_contextual_conversions
    Feature record: CXX_FEATURE:1cxx_decltype
    Feature record: CXX_FEATURE:0cxx_decltype_auto
    Feature record: CXX_FEATURE:1cxx_decltype_incomplete_return_types
    Feature record: CXX_FEATURE:1cxx_default_function_template_args
    Feature record: CXX_FEATURE:1cxx_defaulted_functions
    Feature record: CXX_FEATURE:1cxx_defaulted_move_initializers
    Feature record: CXX_FEATURE:1cxx_delegating_constructors
    Feature record: CXX_FEATURE:1cxx_deleted_functions
    Feature record: CXX_FEATURE:0cxx_digit_separators
    Feature record: CXX_FEATURE:1cxx_enum_forward_declarations
    Feature record: CXX_FEATURE:1cxx_explicit_conversions
    Feature record: CXX_FEATURE:1cxx_extended_friend_declarations
    Feature record: CXX_FEATURE:1cxx_extern_templates
    Feature record: CXX_FEATURE:1cxx_final
    Feature record: CXX_FEATURE:1cxx_func_identifier
    Feature record: CXX_FEATURE:1cxx_generalized_initializers
    Feature record: CXX_FEATURE:0cxx_generic_lambdas
    Feature record: CXX_FEATURE:1cxx_inheriting_constructors
    Feature record: CXX_FEATURE:1cxx_inline_namespaces
    Feature record: CXX_FEATURE:1cxx_lambdas
    Feature record: CXX_FEATURE:0cxx_lambda_init_captures
    Feature record: CXX_FEATURE:1cxx_local_type_template_args
    Feature record: CXX_FEATURE:1cxx_long_long_type
    Feature record: CXX_FEATURE:1cxx_noexcept
    Feature record: CXX_FEATURE:1cxx_nonstatic_member_init
    Feature record: CXX_FEATURE:1cxx_nullptr
    Feature record: CXX_FEATURE:1cxx_override
    Feature record: CXX_FEATURE:1cxx_range_for
    Feature record: CXX_FEATURE:1cxx_raw_string_literals
    Feature record: CXX_FEATURE:1cxx_reference_qualified_functions
    Feature record: CXX_FEATURE:0cxx_relaxed_constexpr
    Feature record: CXX_FEATURE:0cxx_return_type_deduction
    Feature record: CXX_FEATURE:1cxx_right_angle_brackets
    Feature record: CXX_FEATURE:1cxx_rvalue_references
    Feature record: CXX_FEATURE:1cxx_sizeof_member
    Feature record: CXX_FEATURE:1cxx_static_assert
    Feature record: CXX_FEATURE:1cxx_strong_enums
    Feature record: CXX_FEATURE:1cxx_template_template_parameters
    Feature record: CXX_FEATURE:1cxx_thread_local
    Feature record: CXX_FEATURE:1cxx_trailing_return_types
    Feature record: CXX_FEATURE:1cxx_unicode_literals
    Feature record: CXX_FEATURE:1cxx_uniform_initialization
    Feature record: CXX_FEATURE:1cxx_unrestricted_unions
    Feature record: CXX_FEATURE:1cxx_user_literals
    Feature record: CXX_FEATURE:0cxx_variable_templates
    Feature record: CXX_FEATURE:1cxx_variadic_macros
    Feature record: CXX_FEATURE:1cxx_variadic_templates


Detecting CXX [-std=c++11] compiler features compiled with the following output:
Change Dir: /data/lantian/open_source/openmit/build/CMakeFiles/CMakeTmp

Run Build Command:"/usr/bin/gmake" "cmTC_df343/fast"
/usr/bin/gmake -f CMakeFiles/cmTC_df343.dir/build.make CMakeFiles/cmTC_df343.dir/build
gmake[1]: Entering directory `/data1/lantian/open_source/openmit/build/CMakeFiles/CMakeTmp'
Building CXX object CMakeFiles/cmTC_df343.dir/feature_tests.cxx.o
/usr/local/bin/g++    -std=c++11 -o CMakeFiles/cmTC_df343.dir/feature_tests.cxx.o -c /data/lantian/open_source/openmit/build/CMakeFiles/feature_tests.cxx
Linking CXX executable cmTC_df343
/data/lantian/open_source/tool/cmake-3.9.2-Linux-x86_64/bin/cmake -E cmake_link_script CMakeFiles/cmTC_df343.dir/link.txt --verbose=1
/usr/local/bin/g++       -rdynamic CMakeFiles/cmTC_df343.dir/feature_tests.cxx.o  -o cmTC_df343 
gmake[1]: Leaving directory `/data1/lantian/open_source/openmit/build/CMakeFiles/CMakeTmp'


    Feature record: CXX_FEATURE:0cxx_aggregate_default_initializers
    Feature record: CXX_FEATURE:1cxx_alias_templates
    Feature record: CXX_FEATURE:1cxx_alignas
    Feature record: CXX_FEATURE:1cxx_alignof
    Feature record: CXX_FEATURE:1cxx_attributes
    Feature record: CXX_FEATURE:0cxx_attribute_deprecated
    Feature record: CXX_FEATURE:1cxx_auto_type
    Feature record: CXX_FEATURE:0cxx_binary_literals
    Feature record: CXX_FEATURE:1cxx_constexpr
    Feature record: CXX_FEATURE:0cxx_contextual_conversions
    Feature record: CXX_FEATURE:1cxx_decltype
    Feature record: CXX_FEATURE:0cxx_decltype_auto
    Feature record: CXX_FEATURE:1cxx_decltype_incomplete_return_types
    Feature record: CXX_FEATURE:1cxx_default_function_template_args
    Feature record: CXX_FEATURE:1cxx_defaulted_functions
    Feature record: CXX_FEATURE:1cxx_defaulted_move_initializers
    Feature record: CXX_FEATURE:1cxx_delegating_constructors
    Feature record: CXX_FEATURE:1cxx_deleted_functions
    Feature record: CXX_FEATURE:0cxx_digit_separators
    Feature record: CXX_FEATURE:1cxx_enum_forward_declarations
    Feature record: CXX_FEATURE:1cxx_explicit_conversions
    Feature record: CXX_FEATURE:1cxx_extended_friend_declarations
    Feature record: CXX_FEATURE:1cxx_extern_templates
    Feature record: CXX_FEATURE:1cxx_final
    Feature record: CXX_FEATURE:1cxx_func_identifier
    Feature record: CXX_FEATURE:1cxx_generalized_initializers
    Feature record: CXX_FEATURE:0cxx_generic_lambdas
    Feature record: CXX_FEATURE:1cxx_inheriting_constructors
    Feature record: CXX_FEATURE:1cxx_inline_namespaces
    Feature record: CXX_FEATURE:1cxx_lambdas
    Feature record: CXX_FEATURE:0cxx_lambda_init_captures
    Feature record: CXX_FEATURE:1cxx_local_type_template_args
    Feature record: CXX_FEATURE:1cxx_long_long_type
    Feature record: CXX_FEATURE:1cxx_noexcept
    Feature record: CXX_FEATURE:1cxx_nonstatic_member_init
    Feature record: CXX_FEATURE:1cxx_nullptr
    Feature record: CXX_FEATURE:1cxx_override
    Feature record: CXX_FEATURE:1cxx_range_for
    Feature record: CXX_FEATURE:1cxx_raw_string_literals
    Feature record: CXX_FEATURE:1cxx_reference_qualified_functions
    Feature record: CXX_FEATURE:0cxx_relaxed_constexpr
    Feature record: CXX_FEATURE:0cxx_return_type_deduction
    Feature record: CXX_FEATURE:1cxx_right_angle_brackets
    Feature record: CXX_FEATURE:1cxx_rvalue_references
    Feature record: CXX_FEATURE:1cxx_sizeof_member
    Feature record: CXX_FEATURE:1cxx_static_assert
    Feature record: CXX_FEATURE:1cxx_strong_enums
    Feature record: CXX_FEATURE:1cxx_template_template_parameters
    Feature record: CXX_FEATURE:1cxx_thread_local
    Feature record: CXX_FEATURE:1cxx_trailing_return_types
    Feature record: CXX_FEATURE:1cxx_unicode_literals
    Feature record: CXX_FEATURE:1cxx_uniform_initialization
    Feature record: CXX_FEATURE:1cxx_unrestricted_unions
    Feature record: CXX_FEATURE:1cxx_user_literals
    Feature record: CXX_FEATURE:0cxx_variable_templates
    Feature record: CXX_FEATURE:1cxx_variadic_macros
    Feature record: CXX_FEATURE:1cxx_variadic_templates


Detecting CXX [-std=c++98] compiler features compiled with the following output:
Change Dir: /data/lantian/open_source/openmit/build/CMakeFiles/CMakeTmp

Run Build Command:"/usr/bin/gmake" "cmTC_d73d0/fast"
/usr/bin/gmake -f CMakeFiles/cmTC_d73d0.dir/build.make CMakeFiles/cmTC_d73d0.dir/build
gmake[1]: Entering directory `/data1/lantian/open_source/openmit/build/CMakeFiles/CMakeTmp'
Building CXX object CMakeFiles/cmTC_d73d0.dir/feature_tests.cxx.o
/usr/local/bin/g++    -std=c++98 -o CMakeFiles/cmTC_d73d0.dir/feature_tests.cxx.o -c /data/lantian/open_source/openmit/build/CMakeFiles/feature_tests.cxx
Linking CXX executable cmTC_d73d0
/data/lantian/open_source/tool/cmake-3.9.2-Linux-x86_64/bin/cmake -E cmake_link_script CMakeFiles/cmTC_d73d0.dir/link.txt --verbose=1
/usr/local/bin/g++       -rdynamic CMakeFiles/cmTC_d73d0.dir/feature_tests.cxx.o  -o cmTC_d73d0 
gmake[1]: Leaving directory `/data1/lantian/open_source/openmit/build/CMakeFiles/CMakeTmp'


    Feature record: CXX_FEATURE:0cxx_aggregate_default_initializers
    Feature record: CXX_FEATURE:0cxx_alias_templates
    Feature record: CXX_FEATURE:0cxx_alignas
    Feature record: CXX_FEATURE:0cxx_alignof
    Feature record: CXX_FEATURE:0cxx_attributes
    Feature record: CXX_FEATURE:0cxx_attribute_deprecated
    Feature record: CXX_FEATURE:0cxx_auto_type
    Feature record: CXX_FEATURE:0cxx_binary_literals
    Feature record: CXX_FEATURE:0cxx_constexpr
    Feature record: CXX_FEATURE:0cxx_contextual_conversions
    Feature record: CXX_FEATURE:0cxx_decltype
    Feature record: CXX_FEATURE:0cxx_decltype_auto
    Feature record: CXX_FEATURE:0cxx_decltype_incomplete_return_types
    Feature record: CXX_FEATURE:0cxx_default_function_template_args
    Feature record: CXX_FEATURE:0cxx_defaulted_functions
    Feature record: CXX_FEATURE:0cxx_defaulted_move_initializers
    Feature record: CXX_FEATURE:0cxx_delegating_constructors
    Feature record: CXX_FEATURE:0cxx_deleted_functions
    Feature record: CXX_FEATURE:0cxx_digit_separators
    Feature record: CXX_FEATURE:0cxx_enum_forward_declarations
    Feature record: CXX_FEATURE:0cxx_explicit_conversions
    Feature record: CXX_FEATURE:0cxx_extended_friend_declarations
    Feature record: CXX_FEATURE:0cxx_extern_templates
    Feature record: CXX_FEATURE:0cxx_final
    Feature record: CXX_FEATURE:0cxx_func_identifier
    Feature record: CXX_FEATURE:0cxx_generalized_initializers
    Feature record: CXX_FEATURE:0cxx_generic_lambdas
    Feature record: CXX_FEATURE:0cxx_inheriting_constructors
    Feature record: CXX_FEATURE:0cxx_inline_namespaces
    Feature record: CXX_FEATURE:0cxx_lambdas
    Feature record: CXX_FEATURE:0cxx_lambda_init_captures
    Feature record: CXX_FEATURE:0cxx_local_type_template_args
    Feature record: CXX_FEATURE:0cxx_long_long_type
    Feature record: CXX_FEATURE:0cxx_noexcept
    Feature record: CXX_FEATURE:0cxx_nonstatic_member_init
    Feature record: CXX_FEATURE:0cxx_nullptr
    Feature record: CXX_FEATURE:0cxx_override
    Feature record: CXX_FEATURE:0cxx_range_for
    Feature record: CXX_FEATURE:0cxx_raw_string_literals
    Feature record: CXX_FEATURE:0cxx_reference_qualified_functions
    Feature record: CXX_FEATURE:0cxx_relaxed_constexpr
    Feature record: CXX_FEATURE:0cxx_return_type_deduction
    Feature record: CXX_FEATURE:0cxx_right_angle_brackets
    Feature record: CXX_FEATURE:0cxx_rvalue_references
    Feature record: CXX_FEATURE:0cxx_sizeof_member
    Feature record: CXX_FEATURE:0cxx_static_assert
    Feature record: CXX_FEATURE:0cxx_strong_enums
    Feature record: CXX_FEATURE:1cxx_template_template_parameters
    Feature record: CXX_FEATURE:0cxx_thread_local
    Feature record: CXX_FEATURE:0cxx_trailing_return_types
    Feature record: CXX_FEATURE:0cxx_unicode_literals
    Feature record: CXX_FEATURE:0cxx_uniform_initialization
    Feature record: CXX_FEATURE:0cxx_unrestricted_unions
    Feature record: CXX_FEATURE:0cxx_user_literals
    Feature record: CXX_FEATURE:0cxx_variable_templates
    Feature record: CXX_FEATURE:0cxx_variadic_macros
    Feature record: CXX_FEATURE:0cxx_variadic_templates
Detecting C OpenMP compiler ABI info compiled with the following output:
Change Dir: /data/lantian/open_source/openmit/build/CMakeFiles/CMakeTmp

Run Build Command:"/usr/bin/gmake" "cmTC_49b11/fast"
/usr/bin/gmake -f CMakeFiles/cmTC_49b11.dir/build.make CMakeFiles/cmTC_49b11.dir/build
gmake[1]: Entering directory `/data1/lantian/open_source/openmit/build/CMakeFiles/CMakeTmp'
Building C object CMakeFiles/cmTC_49b11.dir/OpenMPTryFlag.c.o
/usr/local/bin/gcc   -fopenmp -v   -o CMakeFiles/cmTC_49b11.dir/OpenMPTryFlag.c.o   -c /data/lantian/open_source/openmit/build/CMakeFiles/FindOpenMP/OpenMPTryFlag.c
Using built-in specs.
COLLECT_GCC=/usr/local/bin/gcc
Target: x86_64-unknown-linux-gnu
Configured with: ../configure --prefix=/usr/local --enable-checking=release --enable-languages=c,c++,fortran --disable-multilib
Thread model: posix
gcc version 4.8.2 (GCC) 
COLLECT_GCC_OPTIONS='-fopenmp' '-v' '-o' 'CMakeFiles/cmTC_49b11.dir/OpenMPTryFlag.c.o' '-c' '-mtune=generic' '-march=x86-64' '-pthread'
 /usr/local/libexec/gcc/x86_64-unknown-linux-gnu/4.8.2/cc1 -quiet -v -D_REENTRANT /data/lantian/open_source/openmit/build/CMakeFiles/FindOpenMP/OpenMPTryFlag.c -quiet -dumpbase OpenMPTryFlag.c -mtune=generic -march=x86-64 -auxbase-strip CMakeFiles/cmTC_49b11.dir/OpenMPTryFlag.c.o -version -fopenmp -o /tmp/ccPjaE3P.s
GNU C (GCC) version 4.8.2 (x86_64-unknown-linux-gnu)
	compiled by GNU C version 4.8.2, GMP version 4.3.2, MPFR version 2.4.2, MPC version 0.8.1
GGC heuristics: --param ggc-min-expand=100 --param ggc-min-heapsize=131072
ignoring nonexistent directory "/usr/local/lib/gcc/x86_64-unknown-linux-gnu/4.8.2/../../../../x86_64-unknown-linux-gnu/include"
#include "..." search starts here:
#include <...> search starts here:
 /usr/local/lib/gcc/x86_64-unknown-linux-gnu/4.8.2/include
 /usr/local/include
 /usr/local/lib/gcc/x86_64-unknown-linux-gnu/4.8.2/include-fixed
 /usr/include
End of search list.
GNU C (GCC) version 4.8.2 (x86_64-unknown-linux-gnu)
	compiled by GNU C version 4.8.2, GMP version 4.3.2, MPFR version 2.4.2, MPC version 0.8.1
GGC heuristics: --param ggc-min-expand=100 --param ggc-min-heapsize=131072
Compiler executable checksum: b490b5857ef22f89e91136376a459725
COLLECT_GCC_OPTIONS='-fopenmp' '-v' '-o' 'CMakeFiles/cmTC_49b11.dir/OpenMPTryFlag.c.o' '-c' '-mtune=generic' '-march=x86-64' '-pthread'
 as -v --64 -o CMakeFiles/cmTC_49b11.dir/OpenMPTryFlag.c.o /tmp/ccPjaE3P.s
GNU assembler version 2.20.51.0.2 (x86_64-redhat-linux) using BFD version version 2.20.51.0.2-5.44.el6 20100205
COMPILER_PATH=/usr/local/libexec/gcc/x86_64-unknown-linux-gnu/4.8.2/:/usr/local/libexec/gcc/x86_64-unknown-linux-gnu/4.8.2/:/usr/local/libexec/gcc/x86_64-unknown-linux-gnu/:/usr/local/lib/gcc/x86_64-unknown-linux-gnu/4.8.2/:/usr/local/lib/gcc/x86_64-unknown-linux-gnu/
LIBRARY_PATH=/usr/local/lib/gcc/x86_64-unknown-linux-gnu/4.8.2/:/usr/local/lib/gcc/x86_64-unknown-linux-gnu/4.8.2/../../../../lib64/:/lib/../lib64/:/usr/lib/../lib64/:/usr/lib/hadoop/lib/native/:./:/usr/local/lib/gcc/x86_64-unknown-linux-gnu/4.8.2/../../../:/lib/:/usr/lib/
COLLECT_GCC_OPTIONS='-fopenmp' '-v' '-o' 'CMakeFiles/cmTC_49b11.dir/OpenMPTryFlag.c.o' '-c' '-mtune=generic' '-march=x86-64' '-pthread'
Linking C executable cmTC_49b11
/data/lantian/open_source/tool/cmake-3.9.2-Linux-x86_64/bin/cmake -E cmake_link_script CMakeFiles/cmTC_49b11.dir/link.txt --verbose=1
/usr/local/bin/gcc  -fopenmp -v    -rdynamic CMakeFiles/cmTC_49b11.dir/OpenMPTryFlag.c.o  -o cmTC_49b11 
Using built-in specs.
COLLECT_GCC=/usr/local/bin/gcc
COLLECT_LTO_WRAPPER=/usr/local/libexec/gcc/x86_64-unknown-linux-gnu/4.8.2/lto-wrapper
Target: x86_64-unknown-linux-gnu
Configured with: ../configure --prefix=/usr/local --enable-checking=release --enable-languages=c,c++,fortran --disable-multilib
Thread model: posix
gcc version 4.8.2 (GCC) 
COMPILER_PATH=/usr/local/libexec/gcc/x86_64-unknown-linux-gnu/4.8.2/:/usr/local/libexec/gcc/x86_64-unknown-linux-gnu/4.8.2/:/usr/local/libexec/gcc/x86_64-unknown-linux-gnu/:/usr/local/lib/gcc/x86_64-unknown-linux-gnu/4.8.2/:/usr/local/lib/gcc/x86_64-unknown-linux-gnu/
LIBRARY_PATH=/usr/local/lib/gcc/x86_64-unknown-linux-gnu/4.8.2/:/usr/local/lib/gcc/x86_64-unknown-linux-gnu/4.8.2/../../../../lib64/:/lib/../lib64/:/usr/lib/../lib64/:/usr/lib/hadoop/lib/native/:./:/usr/local/lib/gcc/x86_64-unknown-linux-gnu/4.8.2/../../../:/lib/:/usr/lib/
Reading specs from /usr/local/lib/gcc/x86_64-unknown-linux-gnu/4.8.2/../../../../lib64/libgomp.spec
COLLECT_GCC_OPTIONS='-fopenmp' '-v' '-rdynamic' '-o' 'cmTC_49b11' '-mtune=generic' '-march=x86-64' '-pthread'
 /usr/local/libexec/gcc/x86_64-unknown-linux-gnu/4.8.2/collect2 --eh-frame-hdr -m elf_x86_64 -export-dynamic -dynamic-linker /lib64/ld-linux-x86-64.so.2 -o cmTC_49b11 /usr/lib/../lib64/crt1.o /usr/lib/../lib64/crti.o /usr/local/lib/gcc/x86_64-unknown-linux-gnu/4.8.2/crtbegin.o -L/usr/local/lib/gcc/x86_64-unknown-linux-gnu/4.8.2 -L/usr/local/lib/gcc/x86_64-unknown-linux-gnu/4.8.2/../../../../lib64 -L/lib/../lib64 -L/usr/lib/../lib64 -L/usr/lib/hadoop/lib/native -L. -L/usr/local/lib/gcc/x86_64-unknown-linux-gnu/4.8.2/../../.. CMakeFiles/cmTC_49b11.dir/OpenMPTryFlag.c.o -lgomp -lgcc --as-needed -lgcc_s --no-as-needed -lpthread -lc -lgcc --as-needed -lgcc_s --no-as-needed /usr/local/lib/gcc/x86_64-unknown-linux-gnu/4.8.2/crtend.o /usr/lib/../lib64/crtn.o
gmake[1]: Leaving directory `/data1/lantian/open_source/openmit/build/CMakeFiles/CMakeTmp'


Parsed C OpenMP implicit link information from above output:
  link line regex: [^( *|.*[/\])(ld|CMAKE_LINK_STARTFILE-NOTFOUND|([^/\]+-)?ld|collect2)[^/\]*( |$)]
  ignore line: [Change Dir: /data/lantian/open_source/openmit/build/CMakeFiles/CMakeTmp]
  ignore line: []
  ignore line: [Run Build Command:"/usr/bin/gmake" "cmTC_49b11/fast"]
  ignore line: [/usr/bin/gmake -f CMakeFiles/cmTC_49b11.dir/build.make CMakeFiles/cmTC_49b11.dir/build]
  ignore line: [gmake[1]: Entering directory `/data1/lantian/open_source/openmit/build/CMakeFiles/CMakeTmp']
  ignore line: [Building C object CMakeFiles/cmTC_49b11.dir/OpenMPTryFlag.c.o]
  ignore line: [/usr/local/bin/gcc   -fopenmp -v   -o CMakeFiles/cmTC_49b11.dir/OpenMPTryFlag.c.o   -c /data/lantian/open_source/openmit/build/CMakeFiles/FindOpenMP/OpenMPTryFlag.c]
  ignore line: [Using built-in specs.]
  ignore line: [COLLECT_GCC=/usr/local/bin/gcc]
  ignore line: [Target: x86_64-unknown-linux-gnu]
  ignore line: [Configured with: ../configure --prefix=/usr/local --enable-checking=release --enable-languages=c,c++,fortran --disable-multilib]
  ignore line: [Thread model: posix]
  ignore line: [gcc version 4.8.2 (GCC) ]
  ignore line: [COLLECT_GCC_OPTIONS='-fopenmp' '-v' '-o' 'CMakeFiles/cmTC_49b11.dir/OpenMPTryFlag.c.o' '-c' '-mtune=generic' '-march=x86-64' '-pthread']
  ignore line: [ /usr/local/libexec/gcc/x86_64-unknown-linux-gnu/4.8.2/cc1 -quiet -v -D_REENTRANT /data/lantian/open_source/openmit/build/CMakeFiles/FindOpenMP/OpenMPTryFlag.c -quiet -dumpbase OpenMPTryFlag.c -mtune=generic -march=x86-64 -auxbase-strip CMakeFiles/cmTC_49b11.dir/OpenMPTryFlag.c.o -version -fopenmp -o /tmp/ccPjaE3P.s]
  ignore line: [GNU C (GCC) version 4.8.2 (x86_64-unknown-linux-gnu)]
  ignore line: [	compiled by GNU C version 4.8.2, GMP version 4.3.2, MPFR version 2.4.2, MPC version 0.8.1]
  ignore line: [GGC heuristics: --param ggc-min-expand=100 --param ggc-min-heapsize=131072]
  ignore line: [ignoring nonexistent directory "/usr/local/lib/gcc/x86_64-unknown-linux-gnu/4.8.2/../../../../x86_64-unknown-linux-gnu/include"]
  ignore line: [#include "..." search starts here:]
  ignore line: [#include <...> search starts here:]
  ignore line: [ /usr/local/lib/gcc/x86_64-unknown-linux-gnu/4.8.2/include]
  ignore line: [ /usr/local/include]
  ignore line: [ /usr/local/lib/gcc/x86_64-unknown-linux-gnu/4.8.2/include-fixed]
  ignore line: [ /usr/include]
  ignore line: [End of search list.]
  ignore line: [GNU C (GCC) version 4.8.2 (x86_64-unknown-linux-gnu)]
  ignore line: [	compiled by GNU C version 4.8.2, GMP version 4.3.2, MPFR version 2.4.2, MPC version 0.8.1]
  ignore line: [GGC heuristics: --param ggc-min-expand=100 --param ggc-min-heapsize=131072]
  ignore line: [Compiler executable checksum: b490b5857ef22f89e91136376a459725]
  ignore line: [COLLECT_GCC_OPTIONS='-fopenmp' '-v' '-o' 'CMakeFiles/cmTC_49b11.dir/OpenMPTryFlag.c.o' '-c' '-mtune=generic' '-march=x86-64' '-pthread']
  ignore line: [ as -v --64 -o CMakeFiles/cmTC_49b11.dir/OpenMPTryFlag.c.o /tmp/ccPjaE3P.s]
  ignore line: [GNU assembler version 2.20.51.0.2 (x86_64-redhat-linux) using BFD version version 2.20.51.0.2-5.44.el6 20100205]
  ignore line: [COMPILER_PATH=/usr/local/libexec/gcc/x86_64-unknown-linux-gnu/4.8.2/:/usr/local/libexec/gcc/x86_64-unknown-linux-gnu/4.8.2/:/usr/local/libexec/gcc/x86_64-unknown-linux-gnu/:/usr/local/lib/gcc/x86_64-unknown-linux-gnu/4.8.2/:/usr/local/lib/gcc/x86_64-unknown-linux-gnu/]
  ignore line: [LIBRARY_PATH=/usr/local/lib/gcc/x86_64-unknown-linux-gnu/4.8.2/:/usr/local/lib/gcc/x86_64-unknown-linux-gnu/4.8.2/../../../../lib64/:/lib/../lib64/:/usr/lib/../lib64/:/usr/lib/hadoop/lib/native/:./:/usr/local/lib/gcc/x86_64-unknown-linux-gnu/4.8.2/../../../:/lib/:/usr/lib/]
  ignore line: [COLLECT_GCC_OPTIONS='-fopenmp' '-v' '-o' 'CMakeFiles/cmTC_49b11.dir/OpenMPTryFlag.c.o' '-c' '-mtune=generic' '-march=x86-64' '-pthread']
  ignore line: [Linking C executable cmTC_49b11]
  ignore line: [/data/lantian/open_source/tool/cmake-3.9.2-Linux-x86_64/bin/cmake -E cmake_link_script CMakeFiles/cmTC_49b11.dir/link.txt --verbose=1]
  ignore line: [/usr/local/bin/gcc  -fopenmp -v    -rdynamic CMakeFiles/cmTC_49b11.dir/OpenMPTryFlag.c.o  -o cmTC_49b11 ]
  ignore line: [Using built-in specs.]
  ignore line: [COLLECT_GCC=/usr/local/bin/gcc]
  ignore line: [COLLECT_LTO_WRAPPER=/usr/local/libexec/gcc/x86_64-unknown-linux-gnu/4.8.2/lto-wrapper]
  ignore line: [Target: x86_64-unknown-linux-gnu]
  ignore line: [Configured with: ../configure --prefix=/usr/local --enable-checking=release --enable-languages=c,c++,fortran --disable-multilib]
  ignore line: [Thread model: posix]
  ignore line: [gcc version 4.8.2 (GCC) ]
  ignore line: [COMPILER_PATH=/usr/local/libexec/gcc/x86_64-unknown-linux-gnu/4.8.2/:/usr/local/libexec/gcc/x86_64-unknown-linux-gnu/4.8.2/:/usr/local/libexec/gcc/x86_64-unknown-linux-gnu/:/usr/local/lib/gcc/x86_64-unknown-linux-gnu/4.8.2/:/usr/local/lib/gcc/x86_64-unknown-linux-gnu/]
  ignore line: [LIBRARY_PATH=/usr/local/lib/gcc/x86_64-unknown-linux-gnu/4.8.2/:/usr/local/lib/gcc/x86_64-unknown-linux-gnu/4.8.2/../../../../lib64/:/lib/../lib64/:/usr/lib/../lib64/:/usr/lib/hadoop/lib/native/:./:/usr/local/lib/gcc/x86_64-unknown-linux-gnu/4.8.2/../../../:/lib/:/usr/lib/]
  ignore line: [Reading specs from /usr/local/lib/gcc/x86_64-unknown-linux-gnu/4.8.2/../../../../lib64/libgomp.spec]
  ignore line: [COLLECT_GCC_OPTIONS='-fopenmp' '-v' '-rdynamic' '-o' 'cmTC_49b11' '-mtune=generic' '-march=x86-64' '-pthread']
  link line: [ /usr/local/libexec/gcc/x86_64-unknown-linux-gnu/4.8.2/collect2 --eh-frame-hdr -m elf_x86_64 -export-dynamic -dynamic-linker /lib64/ld-linux-x86-64.so.2 -o cmTC_49b11 /usr/lib/../lib64/crt1.o /usr/lib/../lib64/crti.o /usr/local/lib/gcc/x86_64-unknown-linux-gnu/4.8.2/crtbegin.o -L/usr/local/lib/gcc/x86_64-unknown-linux-gnu/4.8.2 -L/usr/local/lib/gcc/x86_64-unknown-linux-gnu/4.8.2/../../../../lib64 -L/lib/../lib64 -L/usr/lib/../lib64 -L/usr/lib/hadoop/lib/native -L. -L/usr/local/lib/gcc/x86_64-unknown-linux-gnu/4.8.2/../../.. CMakeFiles/cmTC_49b11.dir/OpenMPTryFlag.c.o -lgomp -lgcc --as-needed -lgcc_s --no-as-needed -lpthread -lc -lgcc --as-needed -lgcc_s --no-as-needed /usr/local/lib/gcc/x86_64-unknown-linux-gnu/4.8.2/crtend.o /usr/lib/../lib64/crtn.o]
    arg [/usr/local/libexec/gcc/x86_64-unknown-linux-gnu/4.8.2/collect2] ==> ignore
    arg [--eh-frame-hdr] ==> ignore
    arg [-m] ==> ignore
    arg [elf_x86_64] ==> ignore
    arg [-export-dynamic] ==> ignore
    arg [-dynamic-linker] ==> ignore
    arg [/lib64/ld-linux-x86-64.so.2] ==> ignore
    arg [-o] ==> ignore
    arg [cmTC_49b11] ==> ignore
    arg [/usr/lib/../lib64/crt1.o] ==> ignore
    arg [/usr/lib/../lib64/crti.o] ==> ignore
    arg [/usr/local/lib/gcc/x86_64-unknown-linux-gnu/4.8.2/crtbegin.o] ==> ignore
    arg [-L/usr/local/lib/gcc/x86_64-unknown-linux-gnu/4.8.2] ==> dir [/usr/local/lib/gcc/x86_64-unknown-linux-gnu/4.8.2]
    arg [-L/usr/local/lib/gcc/x86_64-unknown-linux-gnu/4.8.2/../../../../lib64] ==> dir [/usr/local/lib/gcc/x86_64-unknown-linux-gnu/4.8.2/../../../../lib64]
    arg [-L/lib/../lib64] ==> dir [/lib/../lib64]
    arg [-L/usr/lib/../lib64] ==> dir [/usr/lib/../lib64]
    arg [-L/usr/lib/hadoop/lib/native] ==> dir [/usr/lib/hadoop/lib/native]
    arg [-L.] ==> ignore
    arg [-L/usr/local/lib/gcc/x86_64-unknown-linux-gnu/4.8.2/../../..] ==> dir [/usr/local/lib/gcc/x86_64-unknown-linux-gnu/4.8.2/../../..]
    arg [CMakeFiles/cmTC_49b11.dir/OpenMPTryFlag.c.o] ==> ignore
    arg [-lgomp] ==> lib [gomp]
    arg [-lgcc] ==> lib [gcc]
    arg [--as-needed] ==> ignore
    arg [-lgcc_s] ==> lib [gcc_s]
    arg [--no-as-needed] ==> ignore
    arg [-lpthread] ==> lib [pthread]
    arg [-lc] ==> lib [c]
    arg [-lgcc] ==> lib [gcc]
    arg [--as-needed] ==> ignore
    arg [-lgcc_s] ==> lib [gcc_s]
    arg [--no-as-needed] ==> ignore
    arg [/usr/local/lib/gcc/x86_64-unknown-linux-gnu/4.8.2/crtend.o] ==> ignore
    arg [/usr/lib/../lib64/crtn.o] ==> ignore
  collapse library dir [/usr/local/lib/gcc/x86_64-unknown-linux-gnu/4.8.2] ==> [/usr/local/lib/gcc/x86_64-unknown-linux-gnu/4.8.2]
  collapse library dir [/usr/local/lib/gcc/x86_64-unknown-linux-gnu/4.8.2/../../../../lib64] ==> [/usr/local/lib64]
  collapse library dir [/lib/../lib64] ==> [/lib64]
  collapse library dir [/usr/lib/../lib64] ==> [/usr/lib64]
  collapse library dir [/usr/lib/hadoop/lib/native] ==> [/usr/lib/hadoop/lib/native]
  collapse library dir [/usr/local/lib/gcc/x86_64-unknown-linux-gnu/4.8.2/../../..] ==> [/usr/local/lib]
  implicit libs: [gomp;gcc;gcc_s;pthread;c;gcc;gcc_s]
  implicit dirs: [/usr/local/lib/gcc/x86_64-unknown-linux-gnu/4.8.2;/usr/local/lib64;/lib64;/usr/lib64;/usr/lib/hadoop/lib/native;/usr/local/lib]
  implicit fwks: []


Detecting CXX OpenMP compiler ABI info compiled with the following output:
Change Dir: /data/lantian/open_source/openmit/build/CMakeFiles/CMakeTmp

Run Build Command:"/usr/bin/gmake" "cmTC_d4960/fast"
/usr/bin/gmake -f CMakeFiles/cmTC_d4960.dir/build.make CMakeFiles/cmTC_d4960.dir/build
gmake[1]: Entering directory `/data1/lantian/open_source/openmit/build/CMakeFiles/CMakeTmp'
Building CXX object CMakeFiles/cmTC_d4960.dir/OpenMPTryFlag.cpp.o
/usr/local/bin/g++    -fopenmp -v   -o CMakeFiles/cmTC_d4960.dir/OpenMPTryFlag.cpp.o -c /data/lantian/open_source/openmit/build/CMakeFiles/FindOpenMP/OpenMPTryFlag.cpp
Using built-in specs.
COLLECT_GCC=/usr/local/bin/g++
Target: x86_64-unknown-linux-gnu
Configured with: ../configure --prefix=/usr/local --enable-checking=release --enable-languages=c,c++,fortran --disable-multilib
Thread model: posix
gcc version 4.8.2 (GCC) 
COLLECT_GCC_OPTIONS='-fopenmp' '-v' '-o' 'CMakeFiles/cmTC_d4960.dir/OpenMPTryFlag.cpp.o' '-c' '-shared-libgcc' '-mtune=generic' '-march=x86-64' '-pthread'
 /usr/local/libexec/gcc/x86_64-unknown-linux-gnu/4.8.2/cc1plus -quiet -v -D_GNU_SOURCE -D_REENTRANT /data/lantian/open_source/openmit/build/CMakeFiles/FindOpenMP/OpenMPTryFlag.cpp -quiet -dumpbase OpenMPTryFlag.cpp -mtune=generic -march=x86-64 -auxbase-strip CMakeFiles/cmTC_d4960.dir/OpenMPTryFlag.cpp.o -version -fopenmp -o /tmp/ccBv20yW.s
GNU C++ (GCC) version 4.8.2 (x86_64-unknown-linux-gnu)
	compiled by GNU C version 4.8.2, GMP version 4.3.2, MPFR version 2.4.2, MPC version 0.8.1
GGC heuristics: --param ggc-min-expand=100 --param ggc-min-heapsize=131072
ignoring nonexistent directory "/usr/local/lib/gcc/x86_64-unknown-linux-gnu/4.8.2/../../../../x86_64-unknown-linux-gnu/include"
#include "..." search starts here:
#include <...> search starts here:
 /usr/local/lib/gcc/x86_64-unknown-linux-gnu/4.8.2/../../../../include/c++/4.8.2
 /usr/local/lib/gcc/x86_64-unknown-linux-gnu/4.8.2/../../../../include/c++/4.8.2/x86_64-unknown-linux-gnu
 /usr/local/lib/gcc/x86_64-unknown-linux-gnu/4.8.2/../../../../include/c++/4.8.2/backward
 /usr/local/lib/gcc/x86_64-unknown-linux-gnu/4.8.2/include
 /usr/local/include
 /usr/local/lib/gcc/x86_64-unknown-linux-gnu/4.8.2/include-fixed
 /usr/include
End of search list.
GNU C++ (GCC) version 4.8.2 (x86_64-unknown-linux-gnu)
	compiled by GNU C version 4.8.2, GMP version 4.3.2, MPFR version 2.4.2, MPC version 0.8.1
GGC heuristics: --param ggc-min-expand=100 --param ggc-min-heapsize=131072
Compiler executable checksum: eef2b703a7443ca59270a8ab88e656b6
COLLECT_GCC_OPTIONS='-fopenmp' '-v' '-o' 'CMakeFiles/cmTC_d4960.dir/OpenMPTryFlag.cpp.o' '-c' '-shared-libgcc' '-mtune=generic' '-march=x86-64' '-pthread'
 as -v --64 -o CMakeFiles/cmTC_d4960.dir/OpenMPTryFlag.cpp.o /tmp/ccBv20yW.s
GNU assembler version 2.20.51.0.2 (x86_64-redhat-linux) using BFD version version 2.20.51.0.2-5.44.el6 20100205
COMPILER_PATH=/usr/local/libexec/gcc/x86_64-unknown-linux-gnu/4.8.2/:/usr/local/libexec/gcc/x86_64-unknown-linux-gnu/4.8.2/:/usr/local/libexec/gcc/x86_64-unknown-linux-gnu/:/usr/local/lib/gcc/x86_64-unknown-linux-gnu/4.8.2/:/usr/local/lib/gcc/x86_64-unknown-linux-gnu/
LIBRARY_PATH=/usr/local/lib/gcc/x86_64-unknown-linux-gnu/4.8.2/:/usr/local/lib/gcc/x86_64-unknown-linux-gnu/4.8.2/../../../../lib64/:/lib/../lib64/:/usr/lib/../lib64/:/usr/lib/hadoop/lib/native/:./:/usr/local/lib/gcc/x86_64-unknown-linux-gnu/4.8.2/../../../:/lib/:/usr/lib/
COLLECT_GCC_OPTIONS='-fopenmp' '-v' '-o' 'CMakeFiles/cmTC_d4960.dir/OpenMPTryFlag.cpp.o' '-c' '-shared-libgcc' '-mtune=generic' '-march=x86-64' '-pthread'
Linking CXX executable cmTC_d4960
/data/lantian/open_source/tool/cmake-3.9.2-Linux-x86_64/bin/cmake -E cmake_link_script CMakeFiles/cmTC_d4960.dir/link.txt --verbose=1
/usr/local/bin/g++   -fopenmp -v    -rdynamic CMakeFiles/cmTC_d4960.dir/OpenMPTryFlag.cpp.o  -o cmTC_d4960 
Using built-in specs.
COLLECT_GCC=/usr/local/bin/g++
COLLECT_LTO_WRAPPER=/usr/local/libexec/gcc/x86_64-unknown-linux-gnu/4.8.2/lto-wrapper
Target: x86_64-unknown-linux-gnu
Configured with: ../configure --prefix=/usr/local --enable-checking=release --enable-languages=c,c++,fortran --disable-multilib
Thread model: posix
gcc version 4.8.2 (GCC) 
COMPILER_PATH=/usr/local/libexec/gcc/x86_64-unknown-linux-gnu/4.8.2/:/usr/local/libexec/gcc/x86_64-unknown-linux-gnu/4.8.2/:/usr/local/libexec/gcc/x86_64-unknown-linux-gnu/:/usr/local/lib/gcc/x86_64-unknown-linux-gnu/4.8.2/:/usr/local/lib/gcc/x86_64-unknown-linux-gnu/
LIBRARY_PATH=/usr/local/lib/gcc/x86_64-unknown-linux-gnu/4.8.2/:/usr/local/lib/gcc/x86_64-unknown-linux-gnu/4.8.2/../../../../lib64/:/lib/../lib64/:/usr/lib/../lib64/:/usr/lib/hadoop/lib/native/:./:/usr/local/lib/gcc/x86_64-unknown-linux-gnu/4.8.2/../../../:/lib/:/usr/lib/
Reading specs from /usr/local/lib/gcc/x86_64-unknown-linux-gnu/4.8.2/../../../../lib64/libgomp.spec
COLLECT_GCC_OPTIONS='-fopenmp' '-v' '-rdynamic' '-o' 'cmTC_d4960' '-shared-libgcc' '-mtune=generic' '-march=x86-64' '-pthread'
 /usr/local/libexec/gcc/x86_64-unknown-linux-gnu/4.8.2/collect2 --eh-frame-hdr -m elf_x86_64 -export-dynamic -dynamic-linker /lib64/ld-linux-x86-64.so.2 -o cmTC_d4960 /usr/lib/../lib64/crt1.o /usr/lib/../lib64/crti.o /usr/local/lib/gcc/x86_64-unknown-linux-gnu/4.8.2/crtbegin.o -L/usr/local/lib/gcc/x86_64-unknown-linux-gnu/4.8.2 -L/usr/local/lib/gcc/x86_64-unknown-linux-gnu/4.8.2/../../../../lib64 -L/lib/../lib64 -L/usr/lib/../lib64 -L/usr/lib/hadoop/lib/native -L. -L/usr/local/lib/gcc/x86_64-unknown-linux-gnu/4.8.2/../../.. CMakeFiles/cmTC_d4960.dir/OpenMPTryFlag.cpp.o -lstdc++ -lm -lgomp -lgcc_s -lgcc -lpthread -lc -lgcc_s -lgcc /usr/local/lib/gcc/x86_64-unknown-linux-gnu/4.8.2/crtend.o /usr/lib/../lib64/crtn.o
gmake[1]: Leaving directory `/data1/lantian/open_source/openmit/build/CMakeFiles/CMakeTmp'


Parsed CXX OpenMP implicit link information from above output:
  link line regex: [^( *|.*[/\])(ld|CMAKE_LINK_STARTFILE-NOTFOUND|([^/\]+-)?ld|collect2)[^/\]*( |$)]
  ignore line: [Change Dir: /data/lantian/open_source/openmit/build/CMakeFiles/CMakeTmp]
  ignore line: []
  ignore line: [Run Build Command:"/usr/bin/gmake" "cmTC_d4960/fast"]
  ignore line: [/usr/bin/gmake -f CMakeFiles/cmTC_d4960.dir/build.make CMakeFiles/cmTC_d4960.dir/build]
  ignore line: [gmake[1]: Entering directory `/data1/lantian/open_source/openmit/build/CMakeFiles/CMakeTmp']
  ignore line: [Building CXX object CMakeFiles/cmTC_d4960.dir/OpenMPTryFlag.cpp.o]
  ignore line: [/usr/local/bin/g++    -fopenmp -v   -o CMakeFiles/cmTC_d4960.dir/OpenMPTryFlag.cpp.o -c /data/lantian/open_source/openmit/build/CMakeFiles/FindOpenMP/OpenMPTryFlag.cpp]
  ignore line: [Using built-in specs.]
  ignore line: [COLLECT_GCC=/usr/local/bin/g++]
  ignore line: [Target: x86_64-unknown-linux-gnu]
  ignore line: [Configured with: ../configure --prefix=/usr/local --enable-checking=release --enable-languages=c,c++,fortran --disable-multilib]
  ignore line: [Thread model: posix]
  ignore line: [gcc version 4.8.2 (GCC) ]
  ignore line: [COLLECT_GCC_OPTIONS='-fopenmp' '-v' '-o' 'CMakeFiles/cmTC_d4960.dir/OpenMPTryFlag.cpp.o' '-c' '-shared-libgcc' '-mtune=generic' '-march=x86-64' '-pthread']
  ignore line: [ /usr/local/libexec/gcc/x86_64-unknown-linux-gnu/4.8.2/cc1plus -quiet -v -D_GNU_SOURCE -D_REENTRANT /data/lantian/open_source/openmit/build/CMakeFiles/FindOpenMP/OpenMPTryFlag.cpp -quiet -dumpbase OpenMPTryFlag.cpp -mtune=generic -march=x86-64 -auxbase-strip CMakeFiles/cmTC_d4960.dir/OpenMPTryFlag.cpp.o -version -fopenmp -o /tmp/ccBv20yW.s]
  ignore line: [GNU C++ (GCC) version 4.8.2 (x86_64-unknown-linux-gnu)]
  ignore line: [	compiled by GNU C version 4.8.2, GMP version 4.3.2, MPFR version 2.4.2, MPC version 0.8.1]
  ignore line: [GGC heuristics: --param ggc-min-expand=100 --param ggc-min-heapsize=131072]
  ignore line: [ignoring nonexistent directory "/usr/local/lib/gcc/x86_64-unknown-linux-gnu/4.8.2/../../../../x86_64-unknown-linux-gnu/include"]
  ignore line: [#include "..." search starts here:]
  ignore line: [#include <...> search starts here:]
  ignore line: [ /usr/local/lib/gcc/x86_64-unknown-linux-gnu/4.8.2/../../../../include/c++/4.8.2]
  ignore line: [ /usr/local/lib/gcc/x86_64-unknown-linux-gnu/4.8.2/../../../../include/c++/4.8.2/x86_64-unknown-linux-gnu]
  ignore line: [ /usr/local/lib/gcc/x86_64-unknown-linux-gnu/4.8.2/../../../../include/c++/4.8.2/backward]
  ignore line: [ /usr/local/lib/gcc/x86_64-unknown-linux-gnu/4.8.2/include]
  ignore line: [ /usr/local/include]
  ignore line: [ /usr/local/lib/gcc/x86_64-unknown-linux-gnu/4.8.2/include-fixed]
  ignore line: [ /usr/include]
  ignore line: [End of search list.]
  ignore line: [GNU C++ (GCC) version 4.8.2 (x86_64-unknown-linux-gnu)]
  ignore line: [	compiled by GNU C version 4.8.2, GMP version 4.3.2, MPFR version 2.4.2, MPC version 0.8.1]
  ignore line: [GGC heuristics: --param ggc-min-expand=100 --param ggc-min-heapsize=131072]
  ignore line: [Compiler executable checksum: eef2b703a7443ca59270a8ab88e656b6]
  ignore line: [COLLECT_GCC_OPTIONS='-fopenmp' '-v' '-o' 'CMakeFiles/cmTC_d4960.dir/OpenMPTryFlag.cpp.o' '-c' '-shared-libgcc' '-mtune=generic' '-march=x86-64' '-pthread']
  ignore line: [ as -v --64 -o CMakeFiles/cmTC_d4960.dir/OpenMPTryFlag.cpp.o /tmp/ccBv20yW.s]
  ignore line: [GNU assembler version 2.20.51.0.2 (x86_64-redhat-linux) using BFD version version 2.20.51.0.2-5.44.el6 20100205]
  ignore line: [COMPILER_PATH=/usr/local/libexec/gcc/x86_64-unknown-linux-gnu/4.8.2/:/usr/local/libexec/gcc/x86_64-unknown-linux-gnu/4.8.2/:/usr/local/libexec/gcc/x86_64-unknown-linux-gnu/:/usr/local/lib/gcc/x86_64-unknown-linux-gnu/4.8.2/:/usr/local/lib/gcc/x86_64-unknown-linux-gnu/]
  ignore line: [LIBRARY_PATH=/usr/local/lib/gcc/x86_64-unknown-linux-gnu/4.8.2/:/usr/local/lib/gcc/x86_64-unknown-linux-gnu/4.8.2/../../../../lib64/:/lib/../lib64/:/usr/lib/../lib64/:/usr/lib/hadoop/lib/native/:./:/usr/local/lib/gcc/x86_64-unknown-linux-gnu/4.8.2/../../../:/lib/:/usr/lib/]
  ignore line: [COLLECT_GCC_OPTIONS='-fopenmp' '-v' '-o' 'CMakeFiles/cmTC_d4960.dir/OpenMPTryFlag.cpp.o' '-c' '-shared-libgcc' '-mtune=generic' '-march=x86-64' '-pthread']
  ignore line: [Linking CXX executable cmTC_d4960]
  ignore line: [/data/lantian/open_source/tool/cmake-3.9.2-Linux-x86_64/bin/cmake -E cmake_link_script CMakeFiles/cmTC_d4960.dir/link.txt --verbose=1]
  ignore line: [/usr/local/bin/g++   -fopenmp -v    -rdynamic CMakeFiles/cmTC_d4960.dir/OpenMPTryFlag.cpp.o  -o cmTC_d4960 ]
  ignore line: [Using built-in specs.]
  ignore line: [COLLECT_GCC=/usr/local/bin/g++]
  ignore line: [COLLECT_LTO_WRAPPER=/usr/local/libexec/gcc/x86_64-unknown-linux-gnu/4.8.2/lto-wrapper]
  ignore line: [Target: x86_64-unknown-linux-gnu]
  ignore line: [Configured with: ../configure --prefix=/usr/local --enable-checking=release --enable-languages=c,c++,fortran --disable-multilib]
  ignore line: [Thread model: posix]
  ignore line: [gcc version 4.8.2 (GCC) ]
  ignore line: [COMPILER_PATH=/usr/local/libexec/gcc/x86_64-unknown-linux-gnu/4.8.2/:/usr/local/libexec/gcc/x86_64-unknown-linux-gnu/4.8.2/:/usr/local/libexec/gcc/x86_64-unknown-linux-gnu/:/usr/local/lib/gcc/x86_64-unknown-linux-gnu/4.8.2/:/usr/local/lib/gcc/x86_64-unknown-linux-gnu/]
  ignore line: [LIBRARY_PATH=/usr/local/lib/gcc/x86_64-unknown-linux-gnu/4.8.2/:/usr/local/lib/gcc/x86_64-unknown-linux-gnu/4.8.2/../../../../lib64/:/lib/../lib64/:/usr/lib/../lib64/:/usr/lib/hadoop/lib/native/:./:/usr/local/lib/gcc/x86_64-unknown-linux-gnu/4.8.2/../../../:/lib/:/usr/lib/]
  ignore line: [Reading specs from /usr/local/lib/gcc/x86_64-unknown-linux-gnu/4.8.2/../../../../lib64/libgomp.spec]
  ignore line: [COLLECT_GCC_OPTIONS='-fopenmp' '-v' '-rdynamic' '-o' 'cmTC_d4960' '-shared-libgcc' '-mtune=generic' '-march=x86-64' '-pthread']
  link line: [ /usr/local/libexec/gcc/x86_64-unknown-linux-gnu/4.8.2/collect2 --eh-frame-hdr -m elf_x86_64 -export-dynamic -dynamic-linker /lib64/ld-linux-x86-64.so.2 -o cmTC_d4960 /usr/lib/../lib64/crt1.o /usr/lib/../lib64/crti.o /usr/local/lib/gcc/x86_64-unknown-linux-gnu/4.8.2/crtbegin.o -L/usr/local/lib/gcc/x86_64-unknown-linux-gnu/4.8.2 -L/usr/local/lib/gcc/x86_64-unknown-linux-gnu/4.8.2/../../../../lib64 -L/lib/../lib64 -L/usr/lib/../lib64 -L/usr/lib/hadoop/lib/native -L. -L/usr/local/lib/gcc/x86_64-unknown-linux-gnu/4.8.2/../../.. CMakeFiles/cmTC_d4960.dir/OpenMPTryFlag.cpp.o -lstdc++ -lm -lgomp -lgcc_s -lgcc -lpthread -lc -lgcc_s -lgcc /usr/local/lib/gcc/x86_64-unknown-linux-gnu/4.8.2/crtend.o /usr/lib/../lib64/crtn.o]
    arg [/usr/local/libexec/gcc/x86_64-unknown-linux-gnu/4.8.2/collect2] ==> ignore
    arg [--eh-frame-hdr] ==> ignore
    arg [-m] ==> ignore
    arg [elf_x86_64] ==> ignore
    arg [-export-dynamic] ==> ignore
    arg [-dynamic-linker] ==> ignore
    arg [/lib64/ld-linux-x86-64.so.2] ==> ignore
    arg [-o] ==> ignore
    arg [cmTC_d4960] ==> ignore
    arg [/usr/lib/../lib64/crt1.o] ==> ignore
    arg [/usr/lib/../lib64/crti.o] ==> ignore
    arg [/usr/local/lib/gcc/x86_64-unknown-linux-gnu/4.8.2/crtbegin.o] ==> ignore
    arg [-L/usr/local/lib/gcc/x86_64-unknown-linux-gnu/4.8.2] ==> dir [/usr/local/lib/gcc/x86_64-unknown-linux-gnu/4.8.2]
    arg [-L/usr/local/lib/gcc/x86_64-unknown-linux-gnu/4.8.2/../../../../lib64] ==> dir [/usr/local/lib/gcc/x86_64-unknown-linux-gnu/4.8.2/../../../../lib64]
    arg [-L/lib/../lib64] ==> dir [/lib/../lib64]
    arg [-L/usr/lib/../lib64] ==> dir [/usr/lib/../lib64]
    arg [-L/usr/lib/hadoop/lib/native] ==> dir [/usr/lib/hadoop/lib/native]
    arg [-L.] ==> ignore
    arg [-L/usr/local/lib/gcc/x86_64-unknown-linux-gnu/4.8.2/../../..] ==> dir [/usr/local/lib/gcc/x86_64-unknown-linux-gnu/4.8.2/../../..]
    arg [CMakeFiles/cmTC_d4960.dir/OpenMPTryFlag.cpp.o] ==> ignore
    arg [-lstdc++] ==> lib [stdc++]
    arg [-lm] ==> lib [m]
    arg [-lgomp] ==> lib [gomp]
    arg [-lgcc_s] ==> lib [gcc_s]
    arg [-lgcc] ==> lib [gcc]
    arg [-lpthread] ==> lib [pthread]
    arg [-lc] ==> lib [c]
    arg [-lgcc_s] ==> lib [gcc_s]
    arg [-lgcc] ==> lib [gcc]
    arg [/usr/local/lib/gcc/x86_64-unknown-linux-gnu/4.8.2/crtend.o] ==> ignore
    arg [/usr/lib/../lib64/crtn.o] ==> ignore
  collapse library dir [/usr/local/lib/gcc/x86_64-unknown-linux-gnu/4.8.2] ==> [/usr/local/lib/gcc/x86_64-unknown-linux-gnu/4.8.2]
  collapse library dir [/usr/local/lib/gcc/x86_64-unknown-linux-gnu/4.8.2/../../../../lib64] ==> [/usr/local/lib64]
  collapse library dir [/lib/../lib64] ==> [/lib64]
  collapse library dir [/usr/lib/../lib64] ==> [/usr/lib64]
  collapse library dir [/usr/lib/hadoop/lib/native] ==> [/usr/lib/hadoop/lib/native]
  collapse library dir [/usr/local/lib/gcc/x86_64-unknown-linux-gnu/4.8.2/../../..] ==> [/usr/local/lib]
  implicit libs: [stdc++;m;gomp;gcc_s;gcc;pthread;c;gcc_s;gcc]
  implicit dirs: [/usr/local/lib/gcc/x86_64-unknown-linux-gnu/4.8.2;/usr/local/lib64;/lib64;/usr/lib64;/usr/lib/hadoop/lib/native;/usr/local/lib]
  implicit fwks: []


